{"numFailedTestSuites":0,"numFailedTests":0,"numPassedTestSuites":2,"numPassedTests":8,"numPendingTestSuites":0,"numPendingTests":0,"numRuntimeErrorTestSuites":0,"numTodoTests":0,"numTotalTestSuites":2,"numTotalTests":8,"openHandles":[],"snapshot":{"added":0,"didUpdate":false,"failure":false,"filesAdded":0,"filesRemoved":0,"filesRemovedList":[],"filesUnmatched":0,"filesUpdated":0,"matched":0,"total":0,"unchecked":0,"uncheckedKeysByFile":[],"unmatched":0,"updated":0},"startTime":1707723756530,"success":true,"testResults":[{"assertionResults":[{"ancestorTitles":[],"duration":49,"failureDetails":[],"failureMessages":[],"fullName":"renders learn react link","invocations":1,"location":null,"numPassingAsserts":1,"retryReasons":[],"status":"passed","title":"renders learn react link"}],"endTime":1707723759340,"message":"","name":"D:\\BFM\\npm-package\\dev-components2\\src\\App.test.tsx","startTime":1707723757382,"status":"passed","summary":""},{"assertionResults":[{"ancestorTitles":[],"duration":44,"failureDetails":[],"failureMessages":[],"fullName":"renders button with label","invocations":1,"location":null,"numPassingAsserts":0,"retryReasons":[],"status":"passed","title":"renders button with label"},{"ancestorTitles":[],"duration":13,"failureDetails":[],"failureMessages":[],"fullName":"calls onClick prop when clicked","invocations":1,"location":null,"numPassingAsserts":1,"retryReasons":[],"status":"passed","title":"calls onClick prop when clicked"},{"ancestorTitles":[],"duration":6,"failureDetails":[],"failureMessages":[],"fullName":"button is keyboard accessible","invocations":1,"location":null,"numPassingAsserts":1,"retryReasons":[],"status":"passed","title":"button is keyboard accessible"},{"ancestorTitles":[],"duration":4,"failureDetails":[],"failureMessages":[],"fullName":"renders disabled button","invocations":1,"location":null,"numPassingAsserts":0,"retryReasons":[],"status":"passed","title":"renders disabled button"},{"ancestorTitles":[],"duration":4,"failureDetails":[],"failureMessages":[],"fullName":"does not call onClick when disabled","invocations":1,"location":null,"numPassingAsserts":1,"retryReasons":[],"status":"passed","title":"does not call onClick when disabled"},{"ancestorTitles":[],"duration":6,"failureDetails":[],"failureMessages":[],"fullName":"renders button with custom color","invocations":1,"location":null,"numPassingAsserts":0,"retryReasons":[],"status":"passed","title":"renders button with custom color"},{"ancestorTitles":[],"duration":0,"failureDetails":[],"failureMessages":[],"fullName":"throws error if label prop is missing","invocations":1,"location":null,"numPassingAsserts":0,"retryReasons":[],"status":"passed","title":"throws error if label prop is missing"}],"endTime":1707723759505,"message":"","name":"D:\\BFM\\npm-package\\dev-components2\\src\\components\\Button.test.tsx","startTime":1707723757386,"status":"passed","summary":""}],"wasInterrupted":false}
